<?xml version="1.0" encoding="UTF-8"?>
<!-- Generated by org.testng.reporters.JUnitXMLReporter -->
<testsuite hostname="Sunitas-MacBook-Air.local" failures="0" tests="3" name="Test Maven Testing" time="0.026" errors="0" timestamp="26 Mar 2020 14:46:29 GMT">
  <testcase classname="test.cases.TestNG" name="TC01" time="0.001"/>
  <testcase classname="test.cases.TestNG" name="TC02" time="0.0"/>
  <testcase classname="test.cases.TestNG" name="TC03" time="0.0"/>
</testsuite> <!-- Test Maven Testing -->
