<?xml version="1.0" encoding="UTF-8"?>
<!-- Generated by org.testng.reporters.JUnitXMLReporter -->
<testsuite hostname="Sunitas-MacBook-Air.local" failures="0" tests="3" name="Test Maven Testing" time="0.037" errors="0" timestamp="7 Apr 2020 17:10:01 GMT">
  <testcase classname="test.cases.TestNG" name="TC01" time="0.002"/>
  <testcase classname="test.cases.TestNG" name="TC02" time="0.001"/>
  <testcase classname="test.cases.TestNG" name="TC03" time="0.001"/>
</testsuite> <!-- Test Maven Testing -->
