<?xml version="1.0" encoding="UTF-8"?>
<testng-results total="3" passed="3" failed="0" skipped="0">
  <reporter-output>
  </reporter-output>
  <suite started-at="2020-04-07T17:10:01Z" name="Test Maven Suite" finished-at="2020-04-07T17:10:01Z" duration-ms="37">
    <groups>
    </groups>
    <test started-at="2020-04-07T17:10:01Z" name="Test Maven Testing" finished-at="2020-04-07T17:10:01Z" duration-ms="37">
      <class name="test.cases.TestNG">
        <test-method is-config="true" signature="BeforeMethod()[pri:0, instance:test.cases.TestNG@34c4973]" started-at="2020-04-07T22:40:01Z" name="BeforeMethod" finished-at="2020-04-07T22:40:01Z" duration-ms="12" status="PASS">
          <reporter-output>
          </reporter-output>
        </test-method> <!-- BeforeMethod -->
        <test-method signature="TC01()[pri:0, instance:test.cases.TestNG@34c4973]" started-at="2020-04-07T22:40:01Z" name="TC01" finished-at="2020-04-07T22:40:01Z" duration-ms="2" status="PASS">
          <reporter-output>
          </reporter-output>
        </test-method> <!-- TC01 -->
        <test-method is-config="true" signature="AfterMethod()[pri:0, instance:test.cases.TestNG@34c4973]" started-at="2020-04-07T22:40:01Z" name="AfterMethod" finished-at="2020-04-07T22:40:01Z" duration-ms="1" status="PASS">
          <reporter-output>
          </reporter-output>
        </test-method> <!-- AfterMethod -->
        <test-method signature="TC02()[pri:0, instance:test.cases.TestNG@34c4973]" started-at="2020-04-07T22:40:01Z" name="TC02" finished-at="2020-04-07T22:40:01Z" duration-ms="1" status="PASS">
          <reporter-output>
          </reporter-output>
        </test-method> <!-- TC02 -->
        <test-method is-config="true" signature="BeforeMethod()[pri:0, instance:test.cases.TestNG@34c4973]" started-at="2020-04-07T22:40:01Z" name="BeforeMethod" finished-at="2020-04-07T22:40:01Z" duration-ms="0" status="PASS">
          <reporter-output>
          </reporter-output>
        </test-method> <!-- BeforeMethod -->
        <test-method is-config="true" signature="AfterMethod()[pri:0, instance:test.cases.TestNG@34c4973]" started-at="2020-04-07T22:40:01Z" name="AfterMethod" finished-at="2020-04-07T22:40:01Z" duration-ms="0" status="PASS">
          <reporter-output>
          </reporter-output>
        </test-method> <!-- AfterMethod -->
        <test-method is-config="true" signature="BeforeMethod()[pri:0, instance:test.cases.TestNG@34c4973]" started-at="2020-04-07T22:40:01Z" name="BeforeMethod" finished-at="2020-04-07T22:40:01Z" duration-ms="0" status="PASS">
          <reporter-output>
          </reporter-output>
        </test-method> <!-- BeforeMethod -->
        <test-method signature="TC03()[pri:0, instance:test.cases.TestNG@34c4973]" started-at="2020-04-07T22:40:01Z" name="TC03" finished-at="2020-04-07T22:40:01Z" duration-ms="1" status="PASS">
          <reporter-output>
          </reporter-output>
        </test-method> <!-- TC03 -->
        <test-method is-config="true" signature="AfterMethod()[pri:0, instance:test.cases.TestNG@34c4973]" started-at="2020-04-07T22:40:01Z" name="AfterMethod" finished-at="2020-04-07T22:40:01Z" duration-ms="0" status="PASS">
          <reporter-output>
          </reporter-output>
        </test-method> <!-- AfterMethod -->
        <test-method is-config="true" signature="AfterClass()[pri:0, instance:test.cases.TestNG@34c4973]" started-at="2020-04-07T22:40:01Z" name="AfterClass" finished-at="2020-04-07T22:40:01Z" duration-ms="1" status="PASS">
          <reporter-output>
          </reporter-output>
        </test-method> <!-- AfterClass -->
      </class> <!-- test.cases.TestNG -->
    </test> <!-- Test Maven Testing -->
  </suite> <!-- Test Maven Suite -->
</testng-results>
