<?xml version="1.0" encoding="UTF-8"?>
<!-- Generated by org.testng.reporters.JUnitXMLReporter -->
<testsuite hostname="Sunitas-MacBook-Air.local" failures="0" tests="3" name="Test Maven Testing" time="0.062" errors="0" timestamp="26 Mar 2020 13:23:43 GMT">
  <testcase classname="test.cases.TestNG" name="TC01" time="0.007"/>
  <testcase classname="test.cases.TestNG" name="TC02" time="0.004"/>
  <testcase classname="test.cases.TestNG" name="TC03" time="0.002"/>
</testsuite> <!-- Test Maven Testing -->
